{"D:\\documents\\bigio\\mini-project\\chat-be\\src\\config\\db.config.js": {"path":"D:\\documents\\bigio\\mini-project\\chat-be\\src\\config\\db.config.js","statementMap":{"0":{"start":{"line":4,"column":0},"end":{"line":4,"column":8}},"1":{"start":{"line":22,"column":4},"end":{"line":22,"column":15}},"2":{"start":{"line":24,"column":21},"end":{"line":46,"column":1}},"3":{"start":{"line":48,"column":17},"end":{"line":48,"column":26}},"4":{"start":{"line":50,"column":28},"end":{"line":50,"column":50}},"5":{"start":{"line":52,"column":18},"end":{"line":62,"column":2}}},"fnMap":{},"branchMap":{},"s":{"0":3,"1":3,"2":3,"3":3,"4":3,"5":3},"f":{},"b":{},"_coverageSchema":"1a1c01bbd47fc00a2c39e90264f33305004495a9","hash":"819308e4f71e4e9e043e888b595799250edff708"}
,"D:\\documents\\bigio\\mini-project\\chat-be\\src\\config\\token.config.js": {"path":"D:\\documents\\bigio\\mini-project\\chat-be\\src\\config\\token.config.js","statementMap":{"0":{"start":{"line":4,"column":0},"end":{"line":4,"column":8}},"1":{"start":{"line":6,"column":29},"end":{"line":15,"column":1}},"2":{"start":{"line":7,"column":17},"end":{"line":7,"column":88}},"3":{"start":{"line":8,"column":17},"end":{"line":8,"column":88}},"4":{"start":{"line":10,"column":2},"end":{"line":12,"column":3}},"5":{"start":{"line":11,"column":4},"end":{"line":11,"column":54}},"6":{"start":{"line":14,"column":2},"end":{"line":14,"column":64}},"7":{"start":{"line":17,"column":27},"end":{"line":25,"column":1}},"8":{"start":{"line":18,"column":17},"end":{"line":18,"column":88}},"9":{"start":{"line":20,"column":2},"end":{"line":22,"column":3}},"10":{"start":{"line":21,"column":4},"end":{"line":21,"column":54}},"11":{"start":{"line":24,"column":2},"end":{"line":24,"column":34}}},"fnMap":{"0":{"name":"(anonymous_0)","decl":{"start":{"line":6,"column":29},"end":{"line":6,"column":30}},"loc":{"start":{"line":6,"column":54},"end":{"line":15,"column":1}},"line":6},"1":{"name":"(anonymous_1)","decl":{"start":{"line":17,"column":27},"end":{"line":17,"column":28}},"loc":{"start":{"line":17,"column":53},"end":{"line":25,"column":1}},"line":17}},"branchMap":{"0":{"loc":{"start":{"line":6,"column":36},"end":{"line":6,"column":49}},"type":"default-arg","locations":[{"start":{"line":6,"column":45},"end":{"line":6,"column":49}}],"line":6},"1":{"loc":{"start":{"line":7,"column":17},"end":{"line":7,"column":88}},"type":"cond-expr","locations":[{"start":{"line":7,"column":26},"end":{"line":7,"column":57}},{"start":{"line":7,"column":60},"end":{"line":7,"column":88}}],"line":7},"2":{"loc":{"start":{"line":8,"column":17},"end":{"line":8,"column":88}},"type":"cond-expr","locations":[{"start":{"line":8,"column":26},"end":{"line":8,"column":57}},{"start":{"line":8,"column":60},"end":{"line":8,"column":88}}],"line":8},"3":{"loc":{"start":{"line":10,"column":2},"end":{"line":12,"column":3}},"type":"if","locations":[{"start":{"line":10,"column":2},"end":{"line":12,"column":3}},{"start":{},"end":{}}],"line":10},"4":{"loc":{"start":{"line":17,"column":35},"end":{"line":17,"column":48}},"type":"default-arg","locations":[{"start":{"line":17,"column":44},"end":{"line":17,"column":48}}],"line":17},"5":{"loc":{"start":{"line":18,"column":17},"end":{"line":18,"column":88}},"type":"cond-expr","locations":[{"start":{"line":18,"column":26},"end":{"line":18,"column":57}},{"start":{"line":18,"column":60},"end":{"line":18,"column":88}}],"line":18},"6":{"loc":{"start":{"line":20,"column":2},"end":{"line":22,"column":3}},"type":"if","locations":[{"start":{"line":20,"column":2},"end":{"line":22,"column":3}},{"start":{},"end":{}}],"line":20}},"s":{"0":3,"1":3,"2":1,"3":1,"4":1,"5":0,"6":1,"7":3,"8":2,"9":2,"10":0,"11":2},"f":{"0":1,"1":2},"b":{"0":[1],"1":[1,0],"2":[1,0],"3":[0,1],"4":[2],"5":[2,0],"6":[0,2]},"_coverageSchema":"1a1c01bbd47fc00a2c39e90264f33305004495a9","hash":"8825f96130e07465f4013c9d50fb0c9ea852f72f"}
,"D:\\documents\\bigio\\mini-project\\chat-be\\src\\controllers\\auth.controller.js": {"path":"D:\\documents\\bigio\\mini-project\\chat-be\\src\\controllers\\auth.controller.js","statementMap":{"0":{"start":{"line":6,"column":26},"end":{"line":25,"column":1}},"1":{"start":{"line":7,"column":2},"end":{"line":24,"column":3}},"2":{"start":{"line":8,"column":44},"end":{"line":8,"column":52}},"3":{"start":{"line":10,"column":4},"end":{"line":12,"column":5}},"4":{"start":{"line":11,"column":6},"end":{"line":11,"column":82}},"5":{"start":{"line":14,"column":25},"end":{"line":14,"column":68}},"6":{"start":{"line":15,"column":4},"end":{"line":17,"column":5}},"7":{"start":{"line":16,"column":6},"end":{"line":16,"column":70}},"8":{"start":{"line":19,"column":27},"end":{"line":19,"column":60}},"9":{"start":{"line":20,"column":20},"end":{"line":20,"column":86}},"10":{"start":{"line":21,"column":4},"end":{"line":21,"column":81}},"11":{"start":{"line":23,"column":4},"end":{"line":23,"column":60}},"12":{"start":{"line":27,"column":25},"end":{"line":53,"column":1}},"13":{"start":{"line":28,"column":2},"end":{"line":52,"column":3}},"14":{"start":{"line":29,"column":35},"end":{"line":29,"column":43}},"15":{"start":{"line":31,"column":4},"end":{"line":33,"column":5}},"16":{"start":{"line":32,"column":6},"end":{"line":32,"column":82}},"17":{"start":{"line":35,"column":17},"end":{"line":35,"column":60}},"18":{"start":{"line":37,"column":4},"end":{"line":39,"column":5}},"19":{"start":{"line":38,"column":6},"end":{"line":38,"column":83}},"20":{"start":{"line":41,"column":26},"end":{"line":41,"column":73}},"21":{"start":{"line":43,"column":4},"end":{"line":45,"column":5}},"22":{"start":{"line":44,"column":6},"end":{"line":44,"column":64}},"23":{"start":{"line":47,"column":24},"end":{"line":47,"column":58}},"24":{"start":{"line":48,"column":4},"end":{"line":48,"column":69}},"25":{"start":{"line":49,"column":4},"end":{"line":49,"column":86}},"26":{"start":{"line":51,"column":4},"end":{"line":51,"column":42}},"27":{"start":{"line":55,"column":27},"end":{"line":69,"column":1}},"28":{"start":{"line":56,"column":2},"end":{"line":68,"column":3}},"29":{"start":{"line":57,"column":23},"end":{"line":57,"column":31}},"30":{"start":{"line":59,"column":4},"end":{"line":61,"column":5}},"31":{"start":{"line":60,"column":6},"end":{"line":60,"column":78}},"32":{"start":{"line":63,"column":4},"end":{"line":63,"column":60}},"33":{"start":{"line":65,"column":4},"end":{"line":65,"column":60}},"34":{"start":{"line":67,"column":4},"end":{"line":67,"column":42}},"35":{"start":{"line":71,"column":28},"end":{"line":92,"column":1}},"36":{"start":{"line":72,"column":2},"end":{"line":91,"column":3}},"37":{"start":{"line":73,"column":30},"end":{"line":73,"column":41}},"38":{"start":{"line":75,"column":4},"end":{"line":77,"column":5}},"39":{"start":{"line":76,"column":6},"end":{"line":76,"column":74}},"40":{"start":{"line":79,"column":20},"end":{"line":79,"column":53}},"41":{"start":{"line":80,"column":17},"end":{"line":80,"column":52}},"42":{"start":{"line":82,"column":4},"end":{"line":84,"column":5}},"43":{"start":{"line":83,"column":6},"end":{"line":83,"column":69}},"44":{"start":{"line":86,"column":27},"end":{"line":86,"column":61}},"45":{"start":{"line":87,"column":4},"end":{"line":87,"column":87}},"46":{"start":{"line":88,"column":4},"end":{"line":88,"column":108}},"47":{"start":{"line":90,"column":4},"end":{"line":90,"column":42}}},"fnMap":{"0":{"name":"(anonymous_0)","decl":{"start":{"line":6,"column":26},"end":{"line":6,"column":27}},"loc":{"start":{"line":6,"column":46},"end":{"line":25,"column":1}},"line":6},"1":{"name":"(anonymous_1)","decl":{"start":{"line":27,"column":25},"end":{"line":27,"column":26}},"loc":{"start":{"line":27,"column":45},"end":{"line":53,"column":1}},"line":27},"2":{"name":"(anonymous_2)","decl":{"start":{"line":55,"column":27},"end":{"line":55,"column":28}},"loc":{"start":{"line":55,"column":47},"end":{"line":69,"column":1}},"line":55},"3":{"name":"(anonymous_3)","decl":{"start":{"line":71,"column":28},"end":{"line":71,"column":29}},"loc":{"start":{"line":71,"column":48},"end":{"line":92,"column":1}},"line":71}},"branchMap":{"0":{"loc":{"start":{"line":10,"column":4},"end":{"line":12,"column":5}},"type":"if","locations":[{"start":{"line":10,"column":4},"end":{"line":12,"column":5}},{"start":{},"end":{}}],"line":10},"1":{"loc":{"start":{"line":10,"column":8},"end":{"line":10,"column":30}},"type":"binary-expr","locations":[{"start":{"line":10,"column":8},"end":{"line":10,"column":17}},{"start":{"line":10,"column":21},"end":{"line":10,"column":30}}],"line":10},"2":{"loc":{"start":{"line":15,"column":4},"end":{"line":17,"column":5}},"type":"if","locations":[{"start":{"line":15,"column":4},"end":{"line":17,"column":5}},{"start":{},"end":{}}],"line":15},"3":{"loc":{"start":{"line":31,"column":4},"end":{"line":33,"column":5}},"type":"if","locations":[{"start":{"line":31,"column":4},"end":{"line":33,"column":5}},{"start":{},"end":{}}],"line":31},"4":{"loc":{"start":{"line":31,"column":8},"end":{"line":31,"column":30}},"type":"binary-expr","locations":[{"start":{"line":31,"column":8},"end":{"line":31,"column":17}},{"start":{"line":31,"column":21},"end":{"line":31,"column":30}}],"line":31},"5":{"loc":{"start":{"line":37,"column":4},"end":{"line":39,"column":5}},"type":"if","locations":[{"start":{"line":37,"column":4},"end":{"line":39,"column":5}},{"start":{},"end":{}}],"line":37},"6":{"loc":{"start":{"line":43,"column":4},"end":{"line":45,"column":5}},"type":"if","locations":[{"start":{"line":43,"column":4},"end":{"line":45,"column":5}},{"start":{},"end":{}}],"line":43},"7":{"loc":{"start":{"line":59,"column":4},"end":{"line":61,"column":5}},"type":"if","locations":[{"start":{"line":59,"column":4},"end":{"line":61,"column":5}},{"start":{},"end":{}}],"line":59},"8":{"loc":{"start":{"line":75,"column":4},"end":{"line":77,"column":5}},"type":"if","locations":[{"start":{"line":75,"column":4},"end":{"line":77,"column":5}},{"start":{},"end":{}}],"line":75},"9":{"loc":{"start":{"line":82,"column":4},"end":{"line":84,"column":5}},"type":"if","locations":[{"start":{"line":82,"column":4},"end":{"line":84,"column":5}},{"start":{},"end":{}}],"line":82}},"s":{"0":3,"1":2,"2":2,"3":2,"4":1,"5":1,"6":1,"7":0,"8":1,"9":1,"10":1,"11":0,"12":3,"13":2,"14":2,"15":2,"16":1,"17":1,"18":1,"19":0,"20":1,"21":1,"22":0,"23":1,"24":1,"25":1,"26":0,"27":3,"28":2,"29":2,"30":2,"31":1,"32":1,"33":1,"34":0,"35":3,"36":0,"37":0,"38":0,"39":0,"40":0,"41":0,"42":0,"43":0,"44":0,"45":0,"46":0,"47":0},"f":{"0":2,"1":2,"2":2,"3":0},"b":{"0":[1,1],"1":[2,2],"2":[0,1],"3":[1,1],"4":[2,2],"5":[0,1],"6":[0,1],"7":[1,1],"8":[0,0],"9":[0,0]},"_coverageSchema":"1a1c01bbd47fc00a2c39e90264f33305004495a9","hash":"05d8f2c0d1a3609cf745c854fa02489ed760b0db"}
,"D:\\documents\\bigio\\mini-project\\chat-be\\src\\controllers\\message.controller.js": {"path":"D:\\documents\\bigio\\mini-project\\chat-be\\src\\controllers\\message.controller.js","statementMap":{"0":{"start":{"line":5,"column":30},"end":{"line":30,"column":1}},"1":{"start":{"line":6,"column":2},"end":{"line":29,"column":3}},"2":{"start":{"line":7,"column":44},"end":{"line":7,"column":55}},"3":{"start":{"line":9,"column":4},"end":{"line":14,"column":5}},"4":{"start":{"line":10,"column":6},"end":{"line":13,"column":8}},"5":{"start":{"line":16,"column":4},"end":{"line":16,"column":29}},"6":{"start":{"line":18,"column":21},"end":{"line":18,"column":79}},"7":{"start":{"line":20,"column":30},"end":{"line":24,"column":7}},"8":{"start":{"line":20,"column":57},"end":{"line":24,"column":5}},"9":{"start":{"line":26,"column":4},"end":{"line":26,"column":43}},"10":{"start":{"line":28,"column":4},"end":{"line":28,"column":42}},"11":{"start":{"line":32,"column":27},"end":{"line":57,"column":1}},"12":{"start":{"line":33,"column":2},"end":{"line":56,"column":3}},"13":{"start":{"line":34,"column":44},"end":{"line":34,"column":55}},"14":{"start":{"line":35,"column":46},"end":{"line":35,"column":54}},"15":{"start":{"line":37,"column":4},"end":{"line":42,"column":5}},"16":{"start":{"line":38,"column":6},"end":{"line":41,"column":8}},"17":{"start":{"line":44,"column":4},"end":{"line":44,"column":29}},"18":{"start":{"line":45,"column":31},"end":{"line":45,"column":102}},"19":{"start":{"line":47,"column":4},"end":{"line":49,"column":5}},"20":{"start":{"line":48,"column":6},"end":{"line":48,"column":76}},"21":{"start":{"line":51,"column":23},"end":{"line":51,"column":78}},"22":{"start":{"line":53,"column":4},"end":{"line":53,"column":84}},"23":{"start":{"line":55,"column":4},"end":{"line":55,"column":42}}},"fnMap":{"0":{"name":"(anonymous_0)","decl":{"start":{"line":5,"column":30},"end":{"line":5,"column":31}},"loc":{"start":{"line":5,"column":50},"end":{"line":30,"column":1}},"line":5},"1":{"name":"(anonymous_1)","decl":{"start":{"line":20,"column":43},"end":{"line":20,"column":44}},"loc":{"start":{"line":20,"column":57},"end":{"line":24,"column":5}},"line":20},"2":{"name":"(anonymous_2)","decl":{"start":{"line":32,"column":27},"end":{"line":32,"column":28}},"loc":{"start":{"line":32,"column":47},"end":{"line":57,"column":1}},"line":32}},"branchMap":{"0":{"loc":{"start":{"line":9,"column":4},"end":{"line":14,"column":5}},"type":"if","locations":[{"start":{"line":9,"column":4},"end":{"line":14,"column":5}},{"start":{},"end":{}}],"line":9},"1":{"loc":{"start":{"line":9,"column":8},"end":{"line":9,"column":62}},"type":"binary-expr","locations":[{"start":{"line":9,"column":8},"end":{"line":9,"column":22}},{"start":{"line":9,"column":26},"end":{"line":9,"column":62}}],"line":9},"2":{"loc":{"start":{"line":22,"column":14},"end":{"line":22,"column":61}},"type":"cond-expr","locations":[{"start":{"line":22,"column":31},"end":{"line":22,"column":54}},{"start":{"line":22,"column":57},"end":{"line":22,"column":61}}],"line":22},"3":{"loc":{"start":{"line":23,"column":16},"end":{"line":23,"column":67}},"type":"cond-expr","locations":[{"start":{"line":23,"column":35},"end":{"line":23,"column":60}},{"start":{"line":23,"column":63},"end":{"line":23,"column":67}}],"line":23},"4":{"loc":{"start":{"line":37,"column":4},"end":{"line":42,"column":5}},"type":"if","locations":[{"start":{"line":37,"column":4},"end":{"line":42,"column":5}},{"start":{},"end":{}}],"line":37},"5":{"loc":{"start":{"line":37,"column":8},"end":{"line":37,"column":62}},"type":"binary-expr","locations":[{"start":{"line":37,"column":8},"end":{"line":37,"column":22}},{"start":{"line":37,"column":26},"end":{"line":37,"column":62}}],"line":37},"6":{"loc":{"start":{"line":47,"column":4},"end":{"line":49,"column":5}},"type":"if","locations":[{"start":{"line":47,"column":4},"end":{"line":49,"column":5}},{"start":{},"end":{}}],"line":47},"7":{"loc":{"start":{"line":47,"column":8},"end":{"line":47,"column":28}},"type":"binary-expr","locations":[{"start":{"line":47,"column":8},"end":{"line":47,"column":15}},{"start":{"line":47,"column":19},"end":{"line":47,"column":28}}],"line":47}},"s":{"0":3,"1":0,"2":0,"3":0,"4":0,"5":0,"6":0,"7":0,"8":0,"9":0,"10":0,"11":3,"12":2,"13":2,"14":2,"15":2,"16":0,"17":2,"18":1,"19":1,"20":0,"21":1,"22":1,"23":1},"f":{"0":0,"1":0,"2":2},"b":{"0":[0,0],"1":[0,0],"2":[0,0],"3":[0,0],"4":[0,2],"5":[2,2],"6":[0,1],"7":[1,1]},"_coverageSchema":"1a1c01bbd47fc00a2c39e90264f33305004495a9","hash":"880b9b3eba2441e5e2d8be11fc48956b7423cfee"}
,"D:\\documents\\bigio\\mini-project\\chat-be\\src\\controllers\\user.controller.js": {"path":"D:\\documents\\bigio\\mini-project\\chat-be\\src\\controllers\\user.controller.js","statementMap":{"0":{"start":{"line":3,"column":27},"end":{"line":16,"column":1}},"1":{"start":{"line":4,"column":2},"end":{"line":15,"column":3}},"2":{"start":{"line":5,"column":18},"end":{"line":5,"column":38}},"3":{"start":{"line":6,"column":27},"end":{"line":10,"column":7}},"4":{"start":{"line":6,"column":48},"end":{"line":10,"column":5}},"5":{"start":{"line":12,"column":4},"end":{"line":12,"column":50}},"6":{"start":{"line":14,"column":4},"end":{"line":14,"column":60}},"7":{"start":{"line":18,"column":29},"end":{"line":37,"column":1}},"8":{"start":{"line":19,"column":2},"end":{"line":36,"column":3}},"9":{"start":{"line":20,"column":21},"end":{"line":20,"column":31}},"10":{"start":{"line":22,"column":17},"end":{"line":27,"column":6}},"11":{"start":{"line":29,"column":4},"end":{"line":31,"column":5}},"12":{"start":{"line":30,"column":6},"end":{"line":30,"column":62}},"13":{"start":{"line":33,"column":4},"end":{"line":33,"column":30}},"14":{"start":{"line":35,"column":4},"end":{"line":35,"column":60}}},"fnMap":{"0":{"name":"(anonymous_0)","decl":{"start":{"line":3,"column":27},"end":{"line":3,"column":28}},"loc":{"start":{"line":3,"column":47},"end":{"line":16,"column":1}},"line":3},"1":{"name":"(anonymous_1)","decl":{"start":{"line":6,"column":37},"end":{"line":6,"column":38}},"loc":{"start":{"line":6,"column":48},"end":{"line":10,"column":5}},"line":6},"2":{"name":"(anonymous_2)","decl":{"start":{"line":18,"column":29},"end":{"line":18,"column":30}},"loc":{"start":{"line":18,"column":49},"end":{"line":37,"column":1}},"line":18}},"branchMap":{"0":{"loc":{"start":{"line":29,"column":4},"end":{"line":31,"column":5}},"type":"if","locations":[{"start":{"line":29,"column":4},"end":{"line":31,"column":5}},{"start":{},"end":{}}],"line":29}},"s":{"0":3,"1":2,"2":2,"3":1,"4":20,"5":1,"6":1,"7":3,"8":3,"9":3,"10":3,"11":2,"12":1,"13":1,"14":1},"f":{"0":2,"1":20,"2":3},"b":{"0":[1,1]},"_coverageSchema":"1a1c01bbd47fc00a2c39e90264f33305004495a9","hash":"c8dd33465b2a37aa2ddc6210dfcdbd4aba8860f9"}
,"D:\\documents\\bigio\\mini-project\\chat-be\\src\\middlewares\\middleware.js": {"path":"D:\\documents\\bigio\\mini-project\\chat-be\\src\\middlewares\\middleware.js","statementMap":{"0":{"start":{"line":3,"column":31},"end":{"line":23,"column":1}},"1":{"start":{"line":4,"column":20},"end":{"line":4,"column":59}},"2":{"start":{"line":6,"column":2},"end":{"line":22,"column":3}},"3":{"start":{"line":12,"column":8},"end":{"line":14,"column":9}},"4":{"start":{"line":13,"column":10},"end":{"line":13,"column":57}},"5":{"start":{"line":15,"column":8},"end":{"line":18,"column":9}},"6":{"start":{"line":16,"column":10},"end":{"line":16,"column":57}},"7":{"start":{"line":17,"column":10},"end":{"line":17,"column":21}},"8":{"start":{"line":19,"column":8},"end":{"line":19,"column":54}},"9":{"start":{"line":20,"column":8},"end":{"line":20,"column":19}}},"fnMap":{"0":{"name":"(anonymous_0)","decl":{"start":{"line":3,"column":31},"end":{"line":3,"column":32}},"loc":{"start":{"line":3,"column":54},"end":{"line":23,"column":1}},"line":3},"1":{"name":"(anonymous_1)","decl":{"start":{"line":11,"column":14},"end":{"line":11,"column":15}},"loc":{"start":{"line":11,"column":34},"end":{"line":21,"column":7}},"line":11}},"branchMap":{"0":{"loc":{"start":{"line":3,"column":32},"end":{"line":3,"column":49}},"type":"default-arg","locations":[{"start":{"line":3,"column":44},"end":{"line":3,"column":49}}],"line":3},"1":{"loc":{"start":{"line":4,"column":20},"end":{"line":4,"column":59}},"type":"cond-expr","locations":[{"start":{"line":4,"column":32},"end":{"line":4,"column":41}},{"start":{"line":4,"column":44},"end":{"line":4,"column":59}}],"line":4},"2":{"loc":{"start":{"line":12,"column":8},"end":{"line":14,"column":9}},"type":"if","locations":[{"start":{"line":12,"column":8},"end":{"line":14,"column":9}},{"start":{},"end":{}}],"line":12},"3":{"loc":{"start":{"line":12,"column":12},"end":{"line":12,"column":63}},"type":"binary-expr","locations":[{"start":{"line":12,"column":12},"end":{"line":12,"column":39}},{"start":{"line":12,"column":43},"end":{"line":12,"column":63}}],"line":12},"4":{"loc":{"start":{"line":15,"column":8},"end":{"line":18,"column":9}},"type":"if","locations":[{"start":{"line":15,"column":8},"end":{"line":18,"column":9}},{"start":{},"end":{}}],"line":15}},"s":{"0":3,"1":6,"2":6,"3":2,"4":0,"5":2,"6":0,"7":0,"8":2,"9":2},"f":{"0":6,"1":2},"b":{"0":[6],"1":[0,6],"2":[0,2],"3":[2,2],"4":[0,2]},"_coverageSchema":"1a1c01bbd47fc00a2c39e90264f33305004495a9","hash":"a5b84876d3502801bac597d698d64d8158245aed"}
,"D:\\documents\\bigio\\mini-project\\chat-be\\src\\routes\\routes.js": {"path":"D:\\documents\\bigio\\mini-project\\chat-be\\src\\routes\\routes.js","statementMap":{"0":{"start":{"line":7,"column":15},"end":{"line":7,"column":39}},"1":{"start":{"line":10,"column":0},"end":{"line":10,"column":36}},"2":{"start":{"line":11,"column":0},"end":{"line":11,"column":32}},"3":{"start":{"line":12,"column":0},"end":{"line":12,"column":36}},"4":{"start":{"line":13,"column":0},"end":{"line":13,"column":43}},"5":{"start":{"line":16,"column":0},"end":{"line":16,"column":33}},"6":{"start":{"line":17,"column":0},"end":{"line":17,"column":40}},"7":{"start":{"line":20,"column":0},"end":{"line":20,"column":57}},"8":{"start":{"line":21,"column":0},"end":{"line":21,"column":55}}},"fnMap":{},"branchMap":{},"s":{"0":3,"1":3,"2":3,"3":3,"4":3,"5":3,"6":3,"7":3,"8":3},"f":{},"b":{},"_coverageSchema":"1a1c01bbd47fc00a2c39e90264f33305004495a9","hash":"d177b656c15b52544267eeff21f86528bee499df"}
,"D:\\documents\\bigio\\mini-project\\chat-be\\src\\schemes\\message.model.js": {"path":"D:\\documents\\bigio\\mini-project\\chat-be\\src\\schemes\\message.model.js","statementMap":{"0":{"start":{"line":5,"column":16},"end":{"line":22,"column":2}},"1":{"start":{"line":24,"column":0},"end":{"line":24,"column":65}},"2":{"start":{"line":25,"column":0},"end":{"line":25,"column":69}}},"fnMap":{},"branchMap":{},"s":{"0":3,"1":3,"2":3},"f":{},"b":{},"_coverageSchema":"1a1c01bbd47fc00a2c39e90264f33305004495a9","hash":"803356f578c833f67e22340ceb28721dccb103f6"}
,"D:\\documents\\bigio\\mini-project\\chat-be\\src\\schemes\\refresh-token.model.js": {"path":"D:\\documents\\bigio\\mini-project\\chat-be\\src\\schemes\\refresh-token.model.js","statementMap":{"0":{"start":{"line":4,"column":21},"end":{"line":13,"column":2}}},"fnMap":{},"branchMap":{},"s":{"0":3},"f":{},"b":{},"_coverageSchema":"1a1c01bbd47fc00a2c39e90264f33305004495a9","hash":"ce906651f6b7c80d90f92cefa360cf3cb1162011"}
,"D:\\documents\\bigio\\mini-project\\chat-be\\src\\schemes\\token.model.js": {"path":"D:\\documents\\bigio\\mini-project\\chat-be\\src\\schemes\\token.model.js","statementMap":{"0":{"start":{"line":4,"column":20},"end":{"line":13,"column":2}}},"fnMap":{},"branchMap":{},"s":{"0":3},"f":{},"b":{},"_coverageSchema":"1a1c01bbd47fc00a2c39e90264f33305004495a9","hash":"a554eb563caa0114d1a1f6275b1cec3935037f1f"}
,"D:\\documents\\bigio\\mini-project\\chat-be\\src\\schemes\\user.model.js": {"path":"D:\\documents\\bigio\\mini-project\\chat-be\\src\\schemes\\user.model.js","statementMap":{"0":{"start":{"line":7,"column":13},"end":{"line":28,"column":2}},"1":{"start":{"line":10,"column":24},"end":{"line":10,"column":32}},"2":{"start":{"line":30,"column":0},"end":{"line":30,"column":51}},"3":{"start":{"line":31,"column":0},"end":{"line":31,"column":53}},"4":{"start":{"line":32,"column":0},"end":{"line":32,"column":54}}},"fnMap":{"0":{"name":"(anonymous_0)","decl":{"start":{"line":10,"column":18},"end":{"line":10,"column":19}},"loc":{"start":{"line":10,"column":24},"end":{"line":10,"column":32}},"line":10}},"branchMap":{},"s":{"0":3,"1":1,"2":3,"3":3,"4":3},"f":{"0":1},"b":{},"_coverageSchema":"1a1c01bbd47fc00a2c39e90264f33305004495a9","hash":"a3cdfb8d21c81194d78129e21c9e8aa2d93997ec"}
,"D:\\documents\\bigio\\mini-project\\chat-be\\test\\db.js": {"path":"D:\\documents\\bigio\\mini-project\\chat-be\\test\\db.js","statementMap":{"0":{"start":{"line":3,"column":23},"end":{"line":11,"column":1}},"1":{"start":{"line":13,"column":28},"end":{"line":13,"column":229}},"2":{"start":{"line":15,"column":40},"end":{"line":27,"column":1}},"3":{"start":{"line":16,"column":2},"end":{"line":26,"column":4}}},"fnMap":{"0":{"name":"(anonymous_0)","decl":{"start":{"line":15,"column":40},"end":{"line":15,"column":41}},"loc":{"start":{"line":15,"column":46},"end":{"line":27,"column":1}},"line":15}},"branchMap":{},"s":{"0":3,"1":3,"2":3,"3":1},"f":{"0":1},"b":{},"_coverageSchema":"1a1c01bbd47fc00a2c39e90264f33305004495a9","hash":"ea2390641e29ae80a69f64bb248b5868c6d340ee"}
,"D:\\documents\\bigio\\mini-project\\chat-be\\test\\serverTest.js": {"path":"D:\\documents\\bigio\\mini-project\\chat-be\\test\\serverTest.js","statementMap":{"0":{"start":{"line":5,"column":0},"end":{"line":5,"column":8}},"1":{"start":{"line":7,"column":19},"end":{"line":16,"column":1}},"2":{"start":{"line":8,"column":14},"end":{"line":8,"column":23}},"3":{"start":{"line":10,"column":2},"end":{"line":10,"column":25}},"4":{"start":{"line":11,"column":2},"end":{"line":11,"column":49}},"5":{"start":{"line":13,"column":2},"end":{"line":13,"column":28}},"6":{"start":{"line":15,"column":2},"end":{"line":15,"column":12}}},"fnMap":{"0":{"name":"(anonymous_0)","decl":{"start":{"line":7,"column":19},"end":{"line":7,"column":20}},"loc":{"start":{"line":7,"column":25},"end":{"line":16,"column":1}},"line":7}},"branchMap":{},"s":{"0":3,"1":3,"2":3,"3":3,"4":3,"5":3,"6":3},"f":{"0":3},"b":{},"_coverageSchema":"1a1c01bbd47fc00a2c39e90264f33305004495a9","hash":"5469ddeb0601fc63c19c981c6a91cfbb2fc22403"}
}
