TN:
SF:src\config\db.config.js
FNF:0
FNH:0
DA:4,3
DA:22,3
DA:24,3
DA:48,3
DA:50,3
DA:52,3
LF:6
LH:6
BRF:0
BRH:0
end_of_record
TN:
SF:src\config\token.config.js
FN:6,(anonymous_0)
FN:17,(anonymous_1)
FNF:2
FNH:2
FNDA:1,(anonymous_0)
FNDA:2,(anonymous_1)
DA:4,3
DA:6,3
DA:7,1
DA:8,1
DA:10,1
DA:11,0
DA:14,1
DA:17,3
DA:18,2
DA:20,2
DA:21,0
DA:24,2
LF:12
LH:10
BRDA:6,0,0,1
BRDA:7,1,0,1
BRDA:7,1,1,0
BRDA:8,2,0,1
BRDA:8,2,1,0
BRDA:10,3,0,0
BRDA:10,3,1,1
BRDA:17,4,0,2
BRDA:18,5,0,2
BRDA:18,5,1,0
BRDA:20,6,0,0
BRDA:20,6,1,2
BRF:12
BRH:7
end_of_record
TN:
SF:src\controllers\auth.controller.js
FN:6,(anonymous_0)
FN:27,(anonymous_1)
FN:55,(anonymous_2)
FN:71,(anonymous_3)
FNF:4
FNH:3
FNDA:2,(anonymous_0)
FNDA:2,(anonymous_1)
FNDA:2,(anonymous_2)
FNDA:0,(anonymous_3)
DA:6,3
DA:7,2
DA:8,2
DA:10,2
DA:11,1
DA:14,1
DA:15,1
DA:16,0
DA:19,1
DA:20,1
DA:21,1
DA:23,0
DA:27,3
DA:28,2
DA:29,2
DA:31,2
DA:32,1
DA:35,1
DA:37,1
DA:38,0
DA:41,1
DA:43,1
DA:44,0
DA:47,1
DA:48,1
DA:49,1
DA:51,0
DA:55,3
DA:56,2
DA:57,2
DA:59,2
DA:60,1
DA:63,1
DA:65,1
DA:67,0
DA:71,3
DA:72,0
DA:73,0
DA:75,0
DA:76,0
DA:79,0
DA:80,0
DA:82,0
DA:83,0
DA:86,0
DA:87,0
DA:88,0
DA:90,0
LF:48
LH:30
BRDA:10,0,0,1
BRDA:10,0,1,1
BRDA:10,1,0,2
BRDA:10,1,1,2
BRDA:15,2,0,0
BRDA:15,2,1,1
BRDA:31,3,0,1
BRDA:31,3,1,1
BRDA:31,4,0,2
BRDA:31,4,1,2
BRDA:37,5,0,0
BRDA:37,5,1,1
BRDA:43,6,0,0
BRDA:43,6,1,1
BRDA:59,7,0,1
BRDA:59,7,1,1
BRDA:75,8,0,0
BRDA:75,8,1,0
BRDA:82,9,0,0
BRDA:82,9,1,0
BRF:20
BRH:13
end_of_record
TN:
SF:src\controllers\message.controller.js
FN:5,(anonymous_0)
FN:20,(anonymous_1)
FN:32,(anonymous_2)
FNF:3
FNH:1
FNDA:0,(anonymous_0)
FNDA:0,(anonymous_1)
FNDA:2,(anonymous_2)
DA:5,3
DA:6,0
DA:7,0
DA:9,0
DA:10,0
DA:16,0
DA:18,0
DA:20,0
DA:26,0
DA:28,0
DA:32,3
DA:33,2
DA:34,2
DA:35,2
DA:37,2
DA:38,0
DA:44,2
DA:45,1
DA:47,1
DA:48,0
DA:51,1
DA:53,1
DA:55,1
LF:23
LH:12
BRDA:9,0,0,0
BRDA:9,0,1,0
BRDA:9,1,0,0
BRDA:9,1,1,0
BRDA:22,2,0,0
BRDA:22,2,1,0
BRDA:23,3,0,0
BRDA:23,3,1,0
BRDA:37,4,0,0
BRDA:37,4,1,2
BRDA:37,5,0,2
BRDA:37,5,1,2
BRDA:47,6,0,0
BRDA:47,6,1,1
BRDA:47,7,0,1
BRDA:47,7,1,1
BRF:16
BRH:6
end_of_record
TN:
SF:src\controllers\user.controller.js
FN:3,(anonymous_0)
FN:6,(anonymous_1)
FN:18,(anonymous_2)
FNF:3
FNH:3
FNDA:2,(anonymous_0)
FNDA:20,(anonymous_1)
FNDA:3,(anonymous_2)
DA:3,3
DA:4,2
DA:5,2
DA:6,20
DA:12,1
DA:14,1
DA:18,3
DA:19,3
DA:20,3
DA:22,3
DA:29,2
DA:30,1
DA:33,1
DA:35,1
LF:14
LH:14
BRDA:29,0,0,1
BRDA:29,0,1,1
BRF:2
BRH:2
end_of_record
TN:
SF:src\middlewares\middleware.js
FN:3,(anonymous_0)
FN:11,(anonymous_1)
FNF:2
FNH:2
FNDA:6,(anonymous_0)
FNDA:2,(anonymous_1)
DA:3,3
DA:4,6
DA:6,6
DA:12,2
DA:13,0
DA:15,2
DA:16,0
DA:17,0
DA:19,2
DA:20,2
LF:10
LH:7
BRDA:3,0,0,6
BRDA:4,1,0,0
BRDA:4,1,1,6
BRDA:12,2,0,0
BRDA:12,2,1,2
BRDA:12,3,0,2
BRDA:12,3,1,2
BRDA:15,4,0,0
BRDA:15,4,1,2
BRF:9
BRH:6
end_of_record
TN:
SF:src\routes\routes.js
FNF:0
FNH:0
DA:7,3
DA:10,3
DA:11,3
DA:12,3
DA:13,3
DA:16,3
DA:17,3
DA:20,3
DA:21,3
LF:9
LH:9
BRF:0
BRH:0
end_of_record
TN:
SF:src\schemes\message.model.js
FNF:0
FNH:0
DA:5,3
DA:24,3
DA:25,3
LF:3
LH:3
BRF:0
BRH:0
end_of_record
TN:
SF:src\schemes\refresh-token.model.js
FNF:0
FNH:0
DA:4,3
LF:1
LH:1
BRF:0
BRH:0
end_of_record
TN:
SF:src\schemes\token.model.js
FNF:0
FNH:0
DA:4,3
LF:1
LH:1
BRF:0
BRH:0
end_of_record
TN:
SF:src\schemes\user.model.js
FN:10,(anonymous_0)
FNF:1
FNH:1
FNDA:1,(anonymous_0)
DA:7,3
DA:10,1
DA:30,3
DA:31,3
DA:32,3
LF:5
LH:5
BRF:0
BRH:0
end_of_record
TN:
SF:test\db.js
FN:15,(anonymous_0)
FNF:1
FNH:1
FNDA:1,(anonymous_0)
DA:3,3
DA:13,3
DA:15,3
DA:16,1
LF:4
LH:4
BRF:0
BRH:0
end_of_record
TN:
SF:test\serverTest.js
FN:7,(anonymous_0)
FNF:1
FNH:1
FNDA:3,(anonymous_0)
DA:5,3
DA:7,3
DA:8,3
DA:10,3
DA:11,3
DA:13,3
DA:15,3
LF:7
LH:7
BRF:0
BRH:0
end_of_record
